#
# A fatal error has been detected by the Java Runtime Environment:
#
#  EXCEPTION_ACCESS_VIOLATION (0xc0000005) at pc=0x0000000052984a1b, pid=12320, tid=9784
#
# JRE version: Java(TM) SE Runtime Environment (7.0_79-b15) (build 1.7.0_79-b15)
# Java VM: Java HotSpot(TM) 64-Bit Server VM (24.79-b02 mixed mode windows-amd64 compressed oops)
# Problematic frame:
# V  [jvm.dll+0x144a1b]
#
# Failed to write core dump. Minidumps are not enabled by default on client versions of Windows
#
# If you would like to submit a bug report, please visit:
#   http://bugreport.java.com/bugreport/crash.jsp
#

---------------  T H R E A D  ---------------

Current thread (0x000000000ac66800):  JavaThread "JDWP Transport Listener: dt_socket" daemon [_thread_in_vm, id=9784, stack(0x000000000c1f0000,0x000000000c2f0000)]

siginfo: ExceptionCode=0xc0000005, reading address 0x000000003b000000

Registers:
RAX=0x000000000c2ef601, RBX=0x000000000ac66800, RCX=0x000000003b000000, RDX=0x0000000000000000
RSP=0x000000000c2ef5e0, RBP=0x000000003b000000, RSI=0x000000000c2ef6f8, RDI=0x00000000028c9470
R8 =0x000000000ac66800, R9 =0x0000000000008000, R10=0x000000000c9f2d30, R11=0x000000000acb81ea
R12=0x0000000000000000, R13=0x000000000ac5da98, R14=0x0000000000000000, R15=0x0000000000000000
RIP=0x0000000052984a1b, EFLAGS=0x0000000000010206

Top of Stack: (sp=0x000000000c2ef5e0)
0x000000000c2ef5e0:   000000000ac66800 0000000000000007
0x000000000c2ef5f0:   000000000c2ef6a8 0000000052b26a59
0x000000000c2ef600:   000000000ac66800 0000000052b44602
0x000000000c2ef610:   000000000000001f 0000000052628e8d
0x000000000c2ef620:   000000000ac13588 0000000052632666
0x000000000c2ef630:   000000000ac66800 0000000000000000
0x000000000c2ef640:   0000000000000000 0000000000000000
0x000000000c2ef650:   000000003b000000 000000005263175d
0x000000000c2ef660:   000000000c2ef6f8 000000000c2ef6d0
0x000000000c2ef670:   0000000000000001 000000000ac13588
0x000000000c2ef680:   000000003b000000 00000000526153b3
0x000000000c2ef690:   000000000c2ef7c0 0000000000000001
0x000000000c2ef6a0:   0000000000000001 000000000ac13588
0x000000000c2ef6b0:   000000000000000a 0000000000000000
0x000000000c2ef6c0:   0000000000000000 0000000000000000
0x000000000c2ef6d0:   0000000000000001 0000000052615571 

Instructions: (pc=0x0000000052984a1b)
0x00000000529849fb:   48 8b 5c 24 30 48 89 47 18 48 83 c4 20 5f c3 cc
0x0000000052984a0b:   cc cc cc cc cc 40 53 48 83 ec 20 48 85 c9 74 54
0x0000000052984a1b:   48 8b 19 48 85 db 74 4c 48 b8 fe fe fe fe fe fe
0x0000000052984a2b:   fe fe 48 3b d8 74 3d 80 3d 8f 26 61 00 00 74 15 


Register to memory mapping:

RAX=0x000000000c2ef601 is pointing into the stack for thread: 0x000000000ac66800
RBX=0x000000000ac66800 is a thread
RCX=0x000000003b000000 is an unknown value
RDX=0x0000000000000000 is an unknown value
RSP=0x000000000c2ef5e0 is pointing into the stack for thread: 0x000000000ac66800
RBP=0x000000003b000000 is an unknown value
RSI=0x000000000c2ef6f8 is pointing into the stack for thread: 0x000000000ac66800
RDI=0x00000000028c9470 is an unknown value
R8 =0x000000000ac66800 is a thread
R9 =0x0000000000008000 is an unknown value
R10=0x000000000c9f2d30 is an unknown value
R11=0x000000000acb81ea is an unknown value
R12=0x0000000000000000 is an unknown value
R13=0x000000000ac5da98 is an unknown value
R14=0x0000000000000000 is an unknown value
R15=0x0000000000000000 is an unknown value


Stack: [0x000000000c1f0000,0x000000000c2f0000],  sp=0x000000000c2ef5e0,  free space=1021k
Native frames: (J=compiled Java code, j=interpreted, Vv=VM code, C=native code)
V  [jvm.dll+0x144a1b]

[error occurred during error reporting (printing native stack), id 0xc0000005]


---------------  P R O C E S S  ---------------

Java Threads: ( => current thread )
  0x000000000ac8f000 JavaThread "Service Thread" daemon [_thread_blocked, id=13984, stack(0x000000000c7b0000,0x000000000c8b0000)]
  0x000000000ac8b800 JavaThread "C2 CompilerThread1" daemon [_thread_blocked, id=3004, stack(0x000000000c6b0000,0x000000000c7b0000)]
  0x000000000ac87800 JavaThread "C2 CompilerThread0" daemon [_thread_blocked, id=5572, stack(0x000000000c5b0000,0x000000000c6b0000)]
  0x000000000ac81000 JavaThread "JDWP Command Reader" daemon [_thread_in_native, id=5896, stack(0x000000000c4b0000,0x000000000c5b0000)]
  0x000000000ac73800 JavaThread "JDWP Event Helper Thread" daemon [_thread_blocked, id=11168, stack(0x000000000c3b0000,0x000000000c4b0000)]
=>0x000000000ac66800 JavaThread "JDWP Transport Listener: dt_socket" daemon [_thread_in_vm, id=9784, stack(0x000000000c1f0000,0x000000000c2f0000)]
  0x000000000ac5f800 JavaThread "Attach Listener" daemon [_thread_blocked, id=3612, stack(0x000000000c0d0000,0x000000000c1d0000)]
  0x000000000ac5d000 JavaThread "Signal Dispatcher" daemon [_thread_blocked, id=1056, stack(0x000000000bfd0000,0x000000000c0d0000)]
  0x000000000ac10800 JavaThread "Finalizer" daemon [_thread_blocked, id=8432, stack(0x000000000bed0000,0x000000000bfd0000)]
  0x000000000ac05800 JavaThread "Reference Handler" daemon [_thread_blocked, id=208, stack(0x000000000bdd0000,0x000000000bed0000)]
  0x00000000028cd800 JavaThread "main" [_thread_blocked, id=7312, stack(0x0000000002700000,0x0000000002800000)]

Other Threads:
  0x000000000ac01800 VMThread [stack: 0x000000000bcd0000,0x000000000bdd0000] [id=9424]
  0x000000000aca9000 WatcherThread [stack: 0x000000000c8b0000,0x000000000c9b0000] [id=7664]

VM state:not at safepoint (normal execution)

VM Mutex/Monitor currently owned by a thread: None

Heap
 PSYoungGen      total 37888K, used 2623K [0x00000007d5f00000, 0x00000007d8900000, 0x0000000800000000)
  eden space 32768K, 8% used [0x00000007d5f00000,0x00000007d618fcf8,0x00000007d7f00000)
  from space 5120K, 0% used [0x00000007d8400000,0x00000007d8400000,0x00000007d8900000)
  to   space 5120K, 0% used [0x00000007d7f00000,0x00000007d7f00000,0x00000007d8400000)
 ParOldGen       total 86016K, used 0K [0x0000000781e00000, 0x0000000787200000, 0x00000007d5f00000)
  object space 86016K, 0% used [0x0000000781e00000,0x0000000781e00000,0x0000000787200000)
 PSPermGen       total 21504K, used 2611K [0x000000077cc00000, 0x000000077e100000, 0x0000000781e00000)
  object space 21504K, 12% used [0x000000077cc00000,0x000000077ce8cda0,0x000000077e100000)

Card table byte_map: [0x00000000059d0000,0x0000000005df0000] byte_map_base: 0x0000000001dea000

Polling page: 0x0000000000bb0000

Code Cache  [0x00000000029d0000, 0x0000000002c40000, 0x00000000059d0000)
 total_blobs=162 nmethods=0 adapters=138 free_code_cache=48774Kb largest_free_block=49944576

Compilation events (0 events):
No events

GC Heap History (0 events):
No events

Deoptimization events (0 events):
No events

Internal exceptions (2 events):
Event: 0.023 Thread 0x00000000028cd800 Threw 0x00000007d5f0f640 at C:\re\jdk7u79\2331\hotspot\src\share\vm\prims\jni.cpp:3991
Event: 0.124 Thread 0x00000000028cd800 Threw 0x00000007d5f94e98 at C:\re\jdk7u79\2331\hotspot\src\share\vm\prims\jvm.cpp:1304

Events (10 events):
Event: 887.754 Executing VM operation: ChangeSingleStep
Event: 887.754 Executing VM operation: ChangeSingleStep done
Event: 887.754 Executing VM operation: GetCurrentLocation
Event: 887.754 Executing VM operation: GetCurrentLocation done
Event: 887.754 Executing VM operation: ChangeSingleStep
Event: 887.754 Executing VM operation: ChangeSingleStep done
Event: 887.754 Executing VM operation: ChangeSingleStep
Event: 887.754 Executing VM operation: ChangeSingleStep done
Event: 940.715 Executing VM operation: RedefineClasses
Event: 940.715 Executing VM operation: RedefineClasses done


Dynamic libraries:
0x00007ff64cc40000 - 0x00007ff64cc73000 	D:\JDK_7u79\bin\javaw.exe
0x00007ffa129a0000 - 0x00007ffa12b7b000 	C:\WINDOWS\SYSTEM32\ntdll.dll
0x00007ffa12840000 - 0x00007ffa128ee000 	C:\WINDOWS\System32\KERNEL32.DLL
0x00007ffa0f090000 - 0x00007ffa0f2d9000 	C:\WINDOWS\System32\KERNELBASE.dll
0x00007ffa12120000 - 0x00007ffa121c1000 	C:\WINDOWS\System32\ADVAPI32.dll
0x00007ffa127a0000 - 0x00007ffa1283d000 	C:\WINDOWS\System32\msvcrt.dll
0x00007ffa11ce0000 - 0x00007ffa11d39000 	C:\WINDOWS\System32\sechost.dll
0x00007ffa121d0000 - 0x00007ffa122f5000 	C:\WINDOWS\System32\RPCRT4.dll
0x00007ffa113d0000 - 0x00007ffa1151a000 	C:\WINDOWS\System32\USER32.dll
0x00007ffa0fee0000 - 0x00007ffa0fefe000 	C:\WINDOWS\System32\win32u.dll
0x00007ffa11340000 - 0x00007ffa11367000 	C:\WINDOWS\System32\GDI32.dll
0x00007ffa0f550000 - 0x00007ffa0f6d8000 	C:\WINDOWS\System32\gdi32full.dll
0x00007ffa0f6e0000 - 0x00007ffa0f77a000 	C:\WINDOWS\System32\msvcp_win.dll
0x00007ffa0f450000 - 0x00007ffa0f546000 	C:\WINDOWS\System32\ucrtbase.dll
0x00007ffa05640000 - 0x00007ffa058a7000 	C:\WINDOWS\WinSxS\amd64_microsoft.windows.common-controls_6595b64144ccf1df_6.0.15063.0_none_108e4f62dfe5d999\COMCTL32.dll
0x00007ffa11560000 - 0x00007ffa11859000 	C:\WINDOWS\System32\combase.dll
0x00007ffa0f3e0000 - 0x00007ffa0f44a000 	C:\WINDOWS\System32\bcryptPrimitives.dll
0x00007ffa11cb0000 - 0x00007ffa11cdd000 	C:\WINDOWS\System32\IMM32.DLL
0x0000000052650000 - 0x0000000052722000 	D:\JDK_7u79\jre\bin\msvcr100.dll
0x0000000052840000 - 0x0000000053015000 	D:\JDK_7u79\jre\bin\server\jvm.dll
0x00007ffa11ca0000 - 0x00007ffa11ca8000 	C:\WINDOWS\System32\PSAPI.DLL
0x00007ffa0ad30000 - 0x00007ffa0ad39000 	C:\WINDOWS\SYSTEM32\WSOCK32.dll
0x00007ffa0d1c0000 - 0x00007ffa0d1e3000 	C:\WINDOWS\SYSTEM32\WINMM.dll
0x00007ffa11f10000 - 0x00007ffa11f7c000 	C:\WINDOWS\System32\WS2_32.dll
0x00007ffa0d190000 - 0x00007ffa0d1bb000 	C:\WINDOWS\SYSTEM32\WINMMBASE.dll
0x00007ffa0f2e0000 - 0x00007ffa0f329000 	C:\WINDOWS\System32\cfgmgr32.dll
0x0000000052830000 - 0x000000005283f000 	D:\JDK_7u79\jre\bin\verify.dll
0x0000000052800000 - 0x0000000052828000 	D:\JDK_7u79\jre\bin\java.dll
0x0000000052610000 - 0x0000000052645000 	D:\JDK_7u79\jre\bin\jdwp.dll
0x0000000052600000 - 0x0000000052608000 	D:\JDK_7u79\jre\bin\npt.dll
0x00000000527e0000 - 0x00000000527f5000 	D:\JDK_7u79\jre\bin\zip.dll
0x00000000525f0000 - 0x00000000525f9000 	D:\JDK_7u79\jre\bin\dt_socket.dll
0x00007ffa03a10000 - 0x00007ffa03a26000 	C:\WINDOWS\system32\napinsp.dll
0x00007ffa03210000 - 0x00007ffa0322a000 	C:\WINDOWS\system32\pnrpnsp.dll
0x00007ffa0bc30000 - 0x00007ffa0bc48000 	C:\WINDOWS\system32\NLAapi.dll
0x00007ffa0e720000 - 0x00007ffa0e77c000 	C:\WINDOWS\System32\mswsock.dll
0x00007ffa0e500000 - 0x00007ffa0e5a4000 	C:\WINDOWS\SYSTEM32\DNSAPI.dll
0x00007ffa11530000 - 0x00007ffa11538000 	C:\WINDOWS\System32\NSI.dll
0x00007ffa0e4c0000 - 0x00007ffa0e4f7000 	C:\WINDOWS\SYSTEM32\IPHLPAPI.DLL
0x00007ffa0b7f0000 - 0x00007ffa0b7fe000 	C:\WINDOWS\System32\winrnr.dll
0x0000000053390000 - 0x00000000533b6000 	C:\Program Files\Bonjour\mdnsNSP.dll
0x00007ffa01820000 - 0x00007ffa0188b000 	C:\WINDOWS\System32\fwpuclnt.dll
0x00007ffa0e9d0000 - 0x00007ffa0e9f5000 	C:\WINDOWS\SYSTEM32\bcrypt.dll
0x00007ffa00070000 - 0x00007ffa0007a000 	C:\Windows\System32\rasadhlp.dll
0x00007ffa0ab40000 - 0x00007ffa0ace9000 	C:\WINDOWS\SYSTEM32\dbghelp.dll

VM Arguments:
jvm_args: -agentlib:jdwp=transport=dt_socket,suspend=y,address=localhost:12676 -Dmaven.multiModuleProjectDirectory=$M2_HOME;-Djava.net.preferIPv4Stack=true -Dfile.encoding=GBK 
java_command: Solution
Launcher Type: SUN_STANDARD

Environment Variables:
JAVA_HOME=D:\JDK_7u79
CLASSPATH=.;D:\JDK_7u79\lib
PATH=D:\JDK_7u79\jre\bin;D:/JDK_7u79/bin/../jre/bin/server;D:/JDK_7u79/bin/../jre/bin;D:/JDK_7u79/bin/../jre/lib/amd64;C:\Program Files (x86)\Intel\iCLS Client\;C:\Program Files\Intel\iCLS Client\;C:\Windows\system32;C:\Windows;C:\Windows\System32\Wbem;C:\Windows\System32\WindowsPowerShell\v1.0\;C:\Program Files (x86)\Intel\Intel(R) Management Engine Components\DAL;C:\Program Files\Intel\Intel(R) Management Engine Components\DAL;C:\Program Files (x86)\Intel\Intel(R) Management Engine Components\IPT;C:\Program Files\Intel\Intel(R) Management Engine Components\IPT;C:\Program Files (x86)\NVIDIA Corporation\PhysX\Common;C:\WINDOWS\system32;C:\WINDOWS;C:\WINDOWS\System32\Wbem;C:\WINDOWS\System32\WindowsPowerShell\v1.0\;D:\Software\Brackets\command;D:\Software\Git\Git\cmd;C:\Program Files (x86)\Skype\Phone\;C:\Program Files\Intel\WiFi\bin\;C:\Program Files\Common Files\Intel\WirelessCommon\;D:\Udemy\Anaconda;D:\Udemy\Anaconda\Scripts;D:\Udemy\Anaconda\Library\bin;c:\users\neil_s\appdata\local\enthought\canopy\user\scripts;D:\JDK_7u79\bin;C:\Users\Neil_S\AppData\Local\Microsoft\WindowsApps;c:\php;c:\Apache24;c:\Apache24\bin;D:\Udacity\Developing Scalable Programs using JAVA\apache-maven-3.3.9\bin;C:\Users\Neil_S\AppData\Local\Enthought\Canopy\User;C:\Users\Neil_S\AppData\Local\Enthought\Canopy\User\Scripts;C:\spark\bin;D:\JDK_7u79\bin;C:\Users\Neil_S\AppData\Local\Microsoft\WindowsApps;;D:\Udacity\Developing Scalable Programs using JAVA\eclipse;
USERNAME=Neil_S
OS=Windows_NT
PROCESSOR_IDENTIFIER=Intel64 Family 6 Model 94 Stepping 3, GenuineIntel



---------------  S Y S T E M  ---------------

OS: Windows 8.1 , 64 bit Build 9600 

CPU:total 4 (4 cores per cpu, 1 threads per core) family 6 model 94 stepping 3, cmov, cx8, fxsr, mmx, sse, sse2, sse3, ssse3, sse4.1, sse4.2, popcnt, avx, avx2, aes, erms, tsc, tscinvbit

Memory: 4k page, physical 8258824k(4310216k free), swap 8848648k(3454364k free)

vm_info: Java HotSpot(TM) 64-Bit Server VM (24.79-b02) for windows-amd64 JRE (1.7.0_79-b15), built on Apr 10 2015 12:36:16 by "java_re" with unknown MS VC++:1600

time: Sat Sep 16 15:06:21 2017
elapsed time: 940 seconds

